n/1630294973694.jpg
n/1630294973693.jpg
n/1630294973692.jpg
n/1630294970936.jpg
n/1630294970935.jpg
n/1630294963816.jpg
n/1630294963815.jpg
n/1630294938328.jpg
n/1630294938327.jpg
n/1630294892861.jpg
n/1630294892860.jpg
n/1630294885343.jpg
n/1630294885342.jpg
n/1630294885341.jpg
n/download.png
n/1630294885340.jpg
n/1630294885339.jpg
n/1630294885338.jpg
n/1630294986047.jpg
n/1630294986046.jpg
n/1630294986045.jpg
n/1630294982447.jpg
n/1630294982446.jpg
n/1630294982445.jpg
n/360_F_229193799_4UCznE1hfiXNmTTiRjGR7s8AeYq1mZLg.jpg
n/1630294979572.jpg
n/1630294938329.jpg
n/1630294885337.jpg
n/download.jpg
n/photo-1593005510509-d05b264f1c9c.jpg