p/images.jpg 1 0 0 124 96
p/1630295002133.jpg 1 0 0 137 73
p/1630295002132.jpg 1 0 0 130 88
p/1630295002131.jpg 1 0 0 77 49
p/1630294998753.jpg 1 0 0 85 127
p/1630294998752.jpg 1 0 0 79 120
p/1630294995381.jpg 1 0 0 154 78
p/1630294995380.jpg 1 0 0 223 156
p/1630295010433.jpg 1 0 0 54 52
p/1630295010432.jpg 1 0 0 60 35
p/1630295010431.jpg 1 0 0 175 101
p/1630295010430.jpg 1 0 0 206 104
p/1630295007873.jpg 1 0 0 208 121
p/1630295007872.jpg 1 0 0 272 145
p/1630295005290.jpg 1 0 0 174 120
p/1630295005289.jpg 1 0 0 190 110
p/1630294992652.jpg 1 0 0 282 145
p/download.jpg 1 0 0 256 122
p/1630294992651.jpg 1 0 0 61 38
p/1630294992650.jpg 1 0 0 85 44
p/1630294989654.jpg 1 0 0 193 105
p/1630294989653.jpg 1 0 0 195 96
p/1630294986050.jpg 1 0 0 233 132
p/1630294986051.jpg 1 0 0 219 128
p/1630294986052.jpg 1 0 0 254 137
p/cropgun5.jpg 1 0 0 249 153
p/cropgun4.jpg 1 0 0 213 108
p/cropgun3.jpg 1 0 0 278 145
p/cropgun2.jpg 1 0 0 172 152
p/cropgun1.jpg 1 0 0 216 137